''2018-06-18 16:16:29' - ERROR - [Errno 2] could not open port /dev/ttyAMA0: [Errno 2] No such file or directory: '/dev/ttyAMA0''
''2018-06-18 16:16:29' - ERROR - [Errno 2] could not open port /dev/ttyUSB0: [Errno 2] No such file or directory: '/dev/ttyUSB0''
''2018-06-18 16:17:47' - ERROR - [Errno 2] could not open port /dev/ttyAMA0: [Errno 2] No such file or directory: '/dev/ttyAMA0''
''2018-06-18 16:17:47' - ERROR - [Errno 2] could not open port /dev/ttyUSB0: [Errno 2] No such file or directory: '/dev/ttyUSB0''
''2018-06-18 16:18:18' - ERROR - [Errno 2] could not open port /dev/ttyAMA0: [Errno 2] No such file or directory: '/dev/ttyAMA0''
''2018-06-18 16:18:18' - ERROR - [Errno 2] could not open port /dev/ttyUSB0: [Errno 2] No such file or directory: '/dev/ttyUSB0''
''2018-06-18 16:18:51' - ERROR - Error From conn.requeset Post Failed'
''2018-06-18 16:18:51' - ERROR - Exception lostcount=:1'
''2018-06-18 16:18:51' - ERROR - Error From conn.requeset Post Failed'
''2018-06-18 16:18:51' - ERROR - Exception lostcount=:2'
''2018-06-18 16:18:51' - ERROR - Error From conn.requeset Post Failed'
''2018-06-18 16:18:51' - ERROR - Exception lostcount=:3'
''2018-06-18 16:18:51' - ERROR - Error From conn.requeset Post Failed'
''2018-06-18 16:18:51' - ERROR - Exception lostcount=:4'
''2018-06-18 16:18:51' - ERROR - Try Reconnect To Server:0'
''2018-06-18 16:19:54' - ERROR - [Errno 2] could not open port /dev/ttyAMA0: [Errno 2] No such file or directory: '/dev/ttyAMA0''
''2018-06-18 16:19:54' - ERROR - [Errno 2] could not open port /dev/ttyUSB0: [Errno 2] No such file or directory: '/dev/ttyUSB0''
''2018-06-18 16:19:58' - ERROR - From conn.getresponse:'
''2018-06-18 16:19:58' - ERROR - Expecting value: line 1 column 1 (char 0)'
''2018-06-18 16:20:00' - ERROR - From conn.getresponse:'
''2018-06-18 16:20:00' - ERROR - Expecting value: line 1 column 1 (char 0)'
''2018-06-18 16:20:02' - ERROR - From conn.getresponse:'
''2018-06-18 16:20:02' - ERROR - Expecting value: line 1 column 1 (char 0)'
''2018-06-18 16:20:43' - ERROR - [Errno 2] could not open port /dev/ttyAMA0: [Errno 2] No such file or directory: '/dev/ttyAMA0''
''2018-06-18 16:20:43' - ERROR - [Errno 2] could not open port /dev/ttyUSB0: [Errno 2] No such file or directory: '/dev/ttyUSB0''
