''2018-07-07 12:33:34' - DEBUG - WebService in'
''2018-07-07 12:33:34' - DEBUG - 沪A0899'
''2018-07-07 12:33:37' - INFO - WebService ServerOn thread on'
''2018-07-07 12:33:37' - DEBUG - Requesting!'
''2018-07-07 12:33:37' - INFO - SendToServer:1ACF沪A089900'
''2018-07-07 12:33:40' - INFO - <html>
<head><title>400 Bad Request</title></head>
<body bgcolor="white">
<center><h1>400 Bad Request</h1></center>
<hr><center>nginx/1.10.2</center>
</body>
</html>
'
''2018-07-07 12:33:40' - ERROR - From conn.getresponse:'
''2018-07-07 12:33:40' - ERROR - Expecting value: line 1 column 1 (char 0)'
''2018-07-07 12:33:42' - DEBUG - Requesting!'
''2018-07-07 12:33:42' - INFO - SendToServer:1ACF沪A089900'
''2018-07-07 12:33:42' - INFO - <html>
<head><title>400 Bad Request</title></head>
<body bgcolor="white">
<center><h1>400 Bad Request</h1></center>
<hr><center>nginx/1.10.2</center>
</body>
</html>
'
''2018-07-07 12:33:42' - ERROR - From conn.getresponse:'
''2018-07-07 12:33:42' - ERROR - Expecting value: line 1 column 1 (char 0)'
''2018-07-07 12:33:44' - INFO - WebService Server Thread off!'
''2018-07-07 12:37:14' - DEBUG - WebService in'
''2018-07-07 12:37:14' - DEBUG - 沪A0899'
''2018-07-07 12:37:17' - INFO - WebService ServerOn thread on'
''2018-07-07 12:37:17' - DEBUG - Requesting!'
''2018-07-07 12:37:17' - INFO - SendToServer:1ACF沪A089900'
''2018-07-07 12:37:17' - INFO - {"result":"heart"}'
''2018-07-07 12:37:19' - DEBUG - Requesting!'
''2018-07-07 12:37:19' - INFO - SendToServer:1ACF沪A089900'
''2018-07-07 12:37:19' - INFO - {"result":"heart"}'
''2018-07-07 12:37:21' - DEBUG - Requesting!'
''2018-07-07 12:37:21' - INFO - SendToServer:1ACF沪A089900'
''2018-07-07 12:37:21' - INFO - {"result":"heart"}'
''2018-07-07 12:37:23' - DEBUG - Requesting!'
''2018-07-07 12:37:23' - INFO - SendToServer:1ACF沪A089900'
''2018-07-07 12:37:23' - INFO - {"result":"heart"}'
''2018-07-07 12:37:25' - DEBUG - Requesting!'
''2018-07-07 12:37:25' - INFO - SendToServer:1ACF沪A089900'
''2018-07-07 12:37:26' - INFO - {"result":"heart"}'
''2018-07-07 12:37:28' - DEBUG - Requesting!'
''2018-07-07 12:37:28' - INFO - SendToServer:1ACF沪A089900'
''2018-07-07 12:37:28' - INFO - {"result":"heart"}'
''2018-07-07 12:37:30' - DEBUG - Requesting!'
''2018-07-07 12:37:30' - INFO - SendToServer:1ACF沪A089900'
''2018-07-07 12:37:30' - INFO - {"result":"heart"}'
''2018-07-07 12:37:32' - DEBUG - Requesting!'
''2018-07-07 12:37:32' - INFO - SendToServer:1ACF沪A089900'
''2018-07-07 12:37:32' - INFO - {"result":"heart"}'
''2018-07-07 12:37:34' - DEBUG - Requesting!'
''2018-07-07 12:37:34' - INFO - SendToServer:1ACF沪A089900'
''2018-07-07 12:37:34' - INFO - {"result":"heart"}'
''2018-07-07 12:37:36' - INFO - WebService Server Thread off!'
''2018-07-07 12:50:09' - DEBUG - WebService in'
''2018-07-07 12:50:09' - DEBUG - 沪A0899'
''2018-07-07 12:50:12' - INFO - WebService ServerOn thread on'
''2018-07-07 12:50:12' - INFO - WebService Server Thread off!'
''2018-07-07 12:51:45' - DEBUG - WebService in'
''2018-07-07 12:51:45' - DEBUG - 沪A0899'
''2018-07-07 12:51:48' - INFO - WebService ServerOn thread on'
''2018-07-07 12:51:48' - DEBUG - Requesting!'
''2018-07-07 12:51:48' - INFO - SendToServer:1ACF沪A089900'
''2018-07-07 12:51:48' - INFO - {"result":"heart"}'
''2018-07-07 12:51:50' - DEBUG - Requesting!'
''2018-07-07 12:51:50' - INFO - SendToServer:1ACF沪A089900'
''2018-07-07 12:51:50' - INFO - {"result":"heart"}'
''2018-07-07 12:51:52' - INFO - WebService Server Thread off!'
''2018-07-07 12:52:22' - DEBUG - WebService in'
''2018-07-07 12:52:22' - DEBUG - 沪A0899'
''2018-07-07 12:52:25' - INFO - WebService ServerOn thread on'
''2018-07-07 12:52:25' - DEBUG - Requesting!'
''2018-07-07 12:52:25' - INFO - SendToServer:1ACF沪A089900'
''2018-07-07 12:52:25' - INFO - {"result":"heart"}'
''2018-07-07 12:52:27' - DEBUG - Requesting!'
''2018-07-07 12:52:27' - INFO - SendToServer:1ACF沪A089900'
''2018-07-07 12:52:27' - INFO - {"result":"heart"}'
''2018-07-07 12:52:29' - DEBUG - Requesting!'
''2018-07-07 12:52:29' - INFO - SendToServer:1ACF沪A089900'
''2018-07-07 12:52:29' - INFO - {"result":"heart"}'
''2018-07-07 12:52:31' - DEBUG - Requesting!'
''2018-07-07 12:52:31' - INFO - SendToServer:1ACF沪A089900'
''2018-07-07 12:52:31' - INFO - {"result":"heart"}'
''2018-07-07 12:52:33' - DEBUG - Requesting!'
''2018-07-07 12:52:33' - INFO - SendToServer:1ACF沪A089900'
''2018-07-07 12:52:33' - INFO - {"result":"heart"}'
''2018-07-07 12:52:35' - DEBUG - Requesting!'
''2018-07-07 12:52:35' - INFO - SendToServer:1ACF沪A089900'
''2018-07-07 12:52:35' - INFO - {"result":"heart"}'
''2018-07-07 12:52:37' - DEBUG - Requesting!'
''2018-07-07 12:52:37' - INFO - SendToServer:1ACF沪A089900'
''2018-07-07 12:52:37' - INFO - {"result":"heart"}'
''2018-07-07 12:52:39' - DEBUG - Requesting!'
''2018-07-07 12:52:39' - INFO - SendToServer:1ACF沪A089900'
''2018-07-07 12:52:39' - INFO - {"result":"heart"}'
''2018-07-07 12:52:41' - DEBUG - Requesting!'
''2018-07-07 12:52:41' - INFO - SendToServer:1ACF沪A089900'
''2018-07-07 12:52:41' - INFO - {"result":"heart"}'
''2018-07-07 12:52:43' - DEBUG - Requesting!'
''2018-07-07 12:52:43' - INFO - SendToServer:1ACF沪A089900'
''2018-07-07 12:52:43' - INFO - {"result":"heart"}'
''2018-07-07 12:52:45' - DEBUG - Requesting!'
''2018-07-07 12:52:45' - INFO - SendToServer:1ACF沪A089900'
''2018-07-07 12:52:45' - INFO - {"result":"heart"}'
''2018-07-07 12:52:47' - DEBUG - Requesting!'
''2018-07-07 12:52:47' - INFO - SendToServer:1ACF沪A089900'
''2018-07-07 12:52:47' - INFO - {"result":"heart"}'
''2018-07-07 12:52:49' - DEBUG - Requesting!'
''2018-07-07 12:52:49' - INFO - SendToServer:1ACF沪A089900'
''2018-07-07 12:52:49' - INFO - {"result":"heart"}'
''2018-07-07 12:52:51' - DEBUG - Requesting!'
''2018-07-07 12:52:51' - INFO - SendToServer:1ACF沪A089900'
''2018-07-07 12:52:51' - INFO - {"result":"heart"}'
''2018-07-07 12:52:53' - DEBUG - Requesting!'
''2018-07-07 12:52:53' - INFO - SendToServer:1ACF沪A089900'
''2018-07-07 12:52:53' - INFO - {"result":"heart"}'
''2018-07-07 12:52:55' - DEBUG - Requesting!'
''2018-07-07 12:52:55' - INFO - SendToServer:1ACF沪A089900'
''2018-07-07 12:52:55' - INFO - {"result":"heart"}'
''2018-07-07 12:52:57' - DEBUG - Requesting!'
''2018-07-07 12:52:57' - INFO - SendToServer:1ACF沪A089900'
''2018-07-07 12:52:57' - INFO - {"result":"heart"}'
''2018-07-07 12:52:59' - DEBUG - Requesting!'
''2018-07-07 12:52:59' - INFO - SendToServer:1ACF沪A089900'
''2018-07-07 12:52:59' - INFO - {"result":"heart"}'
''2018-07-07 12:53:01' - DEBUG - Requesting!'
''2018-07-07 12:53:01' - INFO - SendToServer:1ACF沪A089900'
''2018-07-07 12:53:01' - INFO - {"result":"heart"}'
''2018-07-07 12:53:03' - DEBUG - Requesting!'
''2018-07-07 12:53:03' - INFO - SendToServer:1ACF沪A089900'
''2018-07-07 12:53:03' - INFO - {"result":"heart"}'
''2018-07-07 12:53:05' - DEBUG - Requesting!'
''2018-07-07 12:53:05' - INFO - SendToServer:1ACF沪A089900'
''2018-07-07 12:53:05' - INFO - {"result":"heart"}'
''2018-07-07 12:53:07' - DEBUG - Requesting!'
''2018-07-07 12:53:07' - INFO - SendToServer:1ACF沪A089900'
''2018-07-07 12:53:07' - INFO - {"result":"heart"}'
''2018-07-07 12:53:09' - DEBUG - Requesting!'
''2018-07-07 12:53:09' - INFO - SendToServer:1ACF沪A089900'
''2018-07-07 12:53:09' - INFO - {"result":"heart"}'
''2018-07-07 12:53:11' - DEBUG - Requesting!'
''2018-07-07 12:53:11' - INFO - SendToServer:1ACF沪A089900'
''2018-07-07 12:53:11' - INFO - {"result":"heart"}'
''2018-07-07 12:53:13' - DEBUG - Requesting!'
''2018-07-07 12:53:13' - INFO - SendToServer:1ACF沪A089900'
''2018-07-07 12:53:13' - INFO - {"result":"heart"}'
''2018-07-07 12:53:15' - DEBUG - Requesting!'
''2018-07-07 12:53:15' - INFO - SendToServer:1ACF沪A089900'
''2018-07-07 12:53:15' - INFO - {"result":"heart"}'
''2018-07-07 12:53:17' - DEBUG - Requesting!'
''2018-07-07 12:53:17' - INFO - SendToServer:1ACF沪A089900'
''2018-07-07 12:53:18' - INFO - {"result":"heart"}'
''2018-07-07 12:53:20' - DEBUG - Requesting!'
''2018-07-07 12:53:20' - INFO - SendToServer:1ACF沪A089900'
''2018-07-07 12:53:20' - INFO - {"result":"heart"}'
''2018-07-07 12:53:22' - DEBUG - Requesting!'
''2018-07-07 12:53:22' - INFO - SendToServer:1ACF沪A089900'
''2018-07-07 12:53:22' - INFO - {"result":"heart"}'
''2018-07-07 12:53:24' - DEBUG - Requesting!'
''2018-07-07 12:53:24' - INFO - SendToServer:1ACF沪A089900'
''2018-07-07 12:53:24' - INFO - {"result":"heart"}'
''2018-07-07 12:53:26' - DEBUG - Requesting!'
''2018-07-07 12:53:26' - INFO - SendToServer:1ACF沪A089900'
''2018-07-07 12:53:26' - INFO - {"result":"heart"}'
''2018-07-07 12:53:28' - DEBUG - Requesting!'
''2018-07-07 12:53:28' - INFO - SendToServer:1ACF沪A089900'
''2018-07-07 12:53:28' - INFO - {"result":"heart"}'
''2018-07-07 12:53:30' - DEBUG - Requesting!'
''2018-07-07 12:53:30' - INFO - SendToServer:1ACF沪A089900'
''2018-07-07 12:53:30' - INFO - {"result":"heart"}'
''2018-07-07 12:53:32' - DEBUG - Requesting!'
''2018-07-07 12:53:32' - INFO - SendToServer:1ACF沪A089900'
''2018-07-07 12:53:32' - INFO - {"result":"heart"}'
''2018-07-07 12:53:38' - DEBUG - Requesting!'
''2018-07-07 12:53:38' - INFO - SendToServer:1ACF沪A089900'
''2018-07-07 12:53:38' - INFO - {"result":"heart"}'
''2018-07-07 12:53:40' - DEBUG - Requesting!'
''2018-07-07 12:53:40' - INFO - SendToServer:1ACF沪A089900'
''2018-07-07 12:53:40' - INFO - {"result":"heart"}'
''2018-07-07 12:53:52' - DEBUG - Requesting!'
''2018-07-07 12:53:52' - INFO - SendToServer:1ACF沪A089900'
''2018-07-07 12:53:52' - INFO - {"result":"heart"}'
''2018-07-07 12:54:04' - DEBUG - Requesting!'
''2018-07-07 12:54:04' - INFO - SendToServer:1ACF沪A089900'
''2018-07-07 12:54:04' - INFO - {"result":"heart"}'
''2018-07-07 12:54:15' - DEBUG - Requesting!'
''2018-07-07 12:54:15' - INFO - SendToServer:1ACF沪A089900'
''2018-07-07 12:54:15' - INFO - {"result":"heart"}'
''2018-07-07 12:54:24' - DEBUG - Requesting!'
''2018-07-07 12:54:24' - INFO - SendToServer:1ACF沪A089900'
''2018-07-07 12:54:24' - INFO - {"result":"heart"}'
''2018-07-07 12:54:36' - DEBUG - Requesting!'
''2018-07-07 12:54:36' - INFO - SendToServer:1ACF沪A089900'
''2018-07-07 12:54:36' - INFO - {"result":"heart"}'
''2018-07-07 12:54:42' - DEBUG - Requesting!'
''2018-07-07 12:54:42' - INFO - SendToServer:1ACF沪A089900'
''2018-07-07 12:54:42' - INFO - {"result":"heart"}'
''2018-07-07 12:54:44' - DEBUG - Requesting!'
''2018-07-07 12:54:44' - INFO - SendToServer:1ACF沪A089900'
''2018-07-07 12:54:44' - INFO - {"result":"heart"}'
''2018-07-07 12:54:56' - DEBUG - Requesting!'
''2018-07-07 12:54:56' - INFO - SendToServer:1ACF沪A089900'
''2018-07-07 12:54:56' - INFO - {"result":"heart"}'
''2018-07-07 12:55:08' - DEBUG - Requesting!'
''2018-07-07 12:55:08' - INFO - SendToServer:1ACF沪A089900'
''2018-07-07 12:55:08' - INFO - {"result":"heart"}'
''2018-07-07 12:55:10' - DEBUG - Requesting!'
''2018-07-07 12:55:10' - INFO - SendToServer:1ACF沪A089900'
''2018-07-07 12:55:10' - INFO - {"result":"heart"}'
''2018-07-07 12:55:22' - DEBUG - Requesting!'
''2018-07-07 12:55:22' - INFO - SendToServer:1ACF沪A089900'
''2018-07-07 12:55:22' - INFO - {"result":"heart"}'
''2018-07-07 12:55:34' - DEBUG - Requesting!'
''2018-07-07 12:55:34' - INFO - SendToServer:1ACF沪A089900'
''2018-07-07 12:55:35' - INFO - {"result":"heart"}'
''2018-07-07 12:55:47' - DEBUG - Requesting!'
''2018-07-07 12:55:47' - INFO - SendToServer:1ACF沪A089900'
''2018-07-07 12:55:47' - INFO - {"result":"heart"}'
''2018-07-07 12:55:59' - DEBUG - Requesting!'
''2018-07-07 12:55:59' - INFO - SendToServer:1ACF沪A089900'
''2018-07-07 12:55:59' - INFO - {"result":"heart"}'
''2018-07-07 12:56:11' - DEBUG - Requesting!'
''2018-07-07 12:56:11' - INFO - SendToServer:1ACF沪A089900'
''2018-07-07 12:56:11' - INFO - {"result":"heart"}'
''2018-07-07 12:56:21' - DEBUG - Requesting!'
''2018-07-07 12:56:21' - INFO - SendToServer:1ACF沪A089900'
''2018-07-07 12:56:21' - INFO - {"result":"heart"}'
''2018-07-07 12:56:23' - DEBUG - Requesting!'
''2018-07-07 12:56:23' - INFO - SendToServer:1ACF沪A089900'
''2018-07-07 12:56:23' - INFO - {"result":"heart"}'
''2018-07-07 12:56:26' - DEBUG - Requesting!'
''2018-07-07 12:56:26' - INFO - SendToServer:1ACF沪A089900'
''2018-07-07 12:56:26' - INFO - {"result":"heart"}'
''2018-07-07 12:56:28' - DEBUG - Requesting!'
''2018-07-07 12:56:28' - INFO - SendToServer:1ACF沪A089900'
''2018-07-07 12:56:28' - INFO - {"result":"heart"}'
''2018-07-07 12:56:37' - DEBUG - Requesting!'
''2018-07-07 12:56:37' - INFO - SendToServer:1ACF沪A089900'
''2018-07-07 12:56:37' - INFO - {"result":"heart"}'
''2018-07-07 12:56:45' - DEBUG - Requesting!'
''2018-07-07 12:56:45' - INFO - SendToServer:1ACF沪A089900'
''2018-07-07 12:56:45' - INFO - {"result":"heart"}'
''2018-07-07 12:56:47' - DEBUG - Requesting!'
''2018-07-07 12:56:47' - INFO - SendToServer:1ACF沪A089900'
''2018-07-07 12:56:47' - INFO - {"result":"heart"}'
''2018-07-07 12:56:59' - DEBUG - Requesting!'
''2018-07-07 12:56:59' - INFO - SendToServer:1ACF沪A089900'
''2018-07-07 12:56:59' - INFO - {"result":"heart"}'
''2018-07-07 12:57:11' - DEBUG - Requesting!'
''2018-07-07 12:57:11' - INFO - SendToServer:1ACF沪A089900'
''2018-07-07 12:57:11' - INFO - {"result":"heart"}'
''2018-07-07 12:57:22' - DEBUG - Requesting!'
''2018-07-07 12:57:22' - INFO - SendToServer:1ACF沪A089900'
''2018-07-07 12:57:22' - INFO - {"result":"heart"}'
''2018-07-07 12:57:26' - DEBUG - Requesting!'
''2018-07-07 12:57:26' - INFO - SendToServer:1ACF沪A089900'
''2018-07-07 12:57:26' - INFO - {"result":"heart"}'
''2018-07-07 12:57:31' - DEBUG - Requesting!'
''2018-07-07 12:57:31' - INFO - SendToServer:1ACF沪A089900'
''2018-07-07 12:57:31' - INFO - {"result":"heart"}'
''2018-07-07 12:57:38' - DEBUG - Requesting!'
''2018-07-07 12:57:38' - INFO - SendToServer:1ACF沪A089900'
''2018-07-07 12:57:38' - INFO - {"result":"heart"}'
''2018-07-07 12:57:50' - DEBUG - Requesting!'
''2018-07-07 12:57:50' - INFO - SendToServer:1ACF沪A089900'
''2018-07-07 12:57:50' - INFO - {"result":"heart"}'
''2018-07-07 12:57:56' - DEBUG - Requesting!'
''2018-07-07 12:57:56' - INFO - SendToServer:1ACF沪A089900'
''2018-07-07 12:57:56' - INFO - {"result":"heart"}'
''2018-07-07 12:58:02' - DEBUG - Requesting!'
''2018-07-07 12:58:02' - INFO - SendToServer:1ACF沪A089900'
''2018-07-07 12:58:02' - INFO - {"result":"heart"}'
''2018-07-07 12:58:04' - DEBUG - Requesting!'
''2018-07-07 12:58:04' - INFO - SendToServer:1ACF沪A089900'
''2018-07-07 12:58:04' - INFO - {"result":"heart"}'
''2018-07-07 12:58:06' - DEBUG - Requesting!'
''2018-07-07 12:58:06' - INFO - SendToServer:1ACF沪A089900'
''2018-07-07 12:58:06' - INFO - {"result":"heart"}'
''2018-07-07 12:58:17' - DEBUG - Requesting!'
''2018-07-07 12:58:17' - INFO - SendToServer:1ACF沪A089900'
''2018-07-07 12:58:17' - INFO - {"result":"heart"}'
''2018-07-07 12:58:29' - DEBUG - Requesting!'
''2018-07-07 12:58:29' - INFO - SendToServer:1ACF沪A089900'
''2018-07-07 12:58:29' - INFO - {"result":"heart"}'
''2018-07-07 12:58:32' - DEBUG - Requesting!'
''2018-07-07 12:58:32' - INFO - SendToServer:1ACF沪A089900'
''2018-07-07 12:58:32' - INFO - {"result":"heart"}'
''2018-07-07 12:58:44' - DEBUG - Requesting!'
''2018-07-07 12:58:44' - INFO - SendToServer:1ACF沪A089900'
''2018-07-07 12:58:44' - INFO - {"result":"heart"}'
''2018-07-07 12:58:46' - DEBUG - Requesting!'
''2018-07-07 12:58:46' - INFO - SendToServer:1ACF沪A089900'
''2018-07-07 12:58:46' - INFO - {"result":"heart"}'
''2018-07-07 12:58:48' - DEBUG - Requesting!'
''2018-07-07 12:58:48' - INFO - SendToServer:1ACF沪A089900'
''2018-07-07 12:58:48' - INFO - {"result":"heart"}'
''2018-07-07 12:58:55' - DEBUG - Requesting!'
''2018-07-07 12:58:55' - INFO - SendToServer:1ACF沪A089900'
''2018-07-07 12:58:55' - INFO - {"result":"heart"}'
''2018-07-07 12:59:06' - DEBUG - Requesting!'
''2018-07-07 12:59:06' - INFO - SendToServer:1ACF沪A089900'
''2018-07-07 12:59:06' - INFO - {"result":"heart"}'
''2018-07-07 12:59:10' - DEBUG - Requesting!'
''2018-07-07 12:59:10' - INFO - SendToServer:1ACF沪A089900'
''2018-07-07 12:59:10' - INFO - {"result":"heart"}'
''2018-07-07 12:59:12' - DEBUG - Requesting!'
''2018-07-07 12:59:12' - INFO - SendToServer:1ACF沪A089900'
''2018-07-07 12:59:12' - INFO - {"result":"heart"}'
''2018-07-07 12:59:20' - DEBUG - Requesting!'
''2018-07-07 12:59:20' - INFO - SendToServer:1ACF沪A089900'
''2018-07-07 12:59:20' - INFO - {"result":"heart"}'
''2018-07-07 12:59:23' - DEBUG - WebService in'
''2018-07-07 12:59:23' - DEBUG - 沪A0899'
''2018-07-07 12:59:26' - INFO - WebService ServerOn thread on'
''2018-07-07 12:59:26' - INFO - WebService Server Thread off!'
