''2018-07-07 12:33:34' - INFO - Rs422Func init'
''2018-07-07 12:33:34' - INFO - Rs422Func init'
''2018-07-07 12:33:34' - DEBUG - WaitCarComeTime:60'
''2018-07-07 12:33:34' - DEBUG - WaitCarLeaveTime:180'
''2018-07-07 12:33:34' - DEBUG - AfterCarLeaveTime:5'
''2018-07-07 12:33:34' - INFO - Enter ScanPort'
''2018-07-07 12:33:34' - ERROR - [Errno 2] could not open port /dev/ttyAMA0: [Errno 2] No such file or directory: '/dev/ttyAMA0''
''2018-07-07 12:33:34' - ERROR - [Errno 2] could not open port /dev/ttyUSB0: [Errno 2] No such file or directory: '/dev/ttyUSB0''
''2018-07-07 12:37:14' - INFO - Rs422Func init'
''2018-07-07 12:37:14' - INFO - Rs422Func init'
''2018-07-07 12:37:14' - DEBUG - WaitCarComeTime:60'
''2018-07-07 12:37:14' - DEBUG - WaitCarLeaveTime:180'
''2018-07-07 12:37:14' - DEBUG - AfterCarLeaveTime:5'
''2018-07-07 12:37:14' - INFO - Enter ScanPort'
''2018-07-07 12:37:14' - ERROR - [Errno 2] could not open port /dev/ttyAMA0: [Errno 2] No such file or directory: '/dev/ttyAMA0''
''2018-07-07 12:37:14' - ERROR - [Errno 2] could not open port /dev/ttyUSB0: [Errno 2] No such file or directory: '/dev/ttyUSB0''
''2018-07-07 12:49:20' - INFO - Rs422Func init'
''2018-07-07 12:49:20' - INFO - Rs422Func init'
''2018-07-07 12:50:09' - INFO - Rs422Func init'
''2018-07-07 12:50:09' - INFO - Rs422Func init'
''2018-07-07 12:50:09' - DEBUG - WaitCarComeTime:60'
''2018-07-07 12:50:09' - DEBUG - WaitCarLeaveTime:180'
''2018-07-07 12:50:09' - DEBUG - AfterCarLeaveTime:5'
''2018-07-07 12:50:09' - DEBUG - ScanMaxLock:0x11000010'
''2018-07-07 12:50:09' - DEBUG - StartCount:0x11000000'
''2018-07-07 12:50:09' - INFO - Enter ScanPort'
''2018-07-07 12:50:09' - ERROR - [Errno 2] could not open port /dev/ttyAMA0: [Errno 2] No such file or directory: '/dev/ttyAMA0''
''2018-07-07 12:50:09' - ERROR - [Errno 2] could not open port /dev/ttyUSB0: [Errno 2] No such file or directory: '/dev/ttyUSB0''
''2018-07-07 12:51:45' - INFO - Rs422Func init'
''2018-07-07 12:51:45' - INFO - Rs422Func init'
''2018-07-07 12:51:45' - DEBUG - WaitCarComeTime:60'
''2018-07-07 12:51:45' - DEBUG - WaitCarLeaveTime:180'
''2018-07-07 12:51:45' - DEBUG - AfterCarLeaveTime:5'
''2018-07-07 12:51:45' - DEBUG - ScanMaxLock:0x11000010'
''2018-07-07 12:51:45' - DEBUG - StartCount:0x11000000'
''2018-07-07 12:51:45' - INFO - Enter ScanPort'
''2018-07-07 12:51:45' - ERROR - [Errno 2] could not open port /dev/ttyAMA0: [Errno 2] No such file or directory: '/dev/ttyAMA0''
''2018-07-07 12:51:45' - ERROR - [Errno 2] could not open port /dev/ttyUSB0: [Errno 2] No such file or directory: '/dev/ttyUSB0''
''2018-07-07 12:52:22' - INFO - Rs422Func init'
''2018-07-07 12:52:22' - INFO - Rs422Func init'
''2018-07-07 12:52:22' - DEBUG - WaitCarComeTime:60'
''2018-07-07 12:52:22' - DEBUG - WaitCarLeaveTime:180'
''2018-07-07 12:52:22' - DEBUG - AfterCarLeaveTime:5'
''2018-07-07 12:52:22' - DEBUG - ScanMaxLock:0x11000010'
''2018-07-07 12:52:22' - DEBUG - StartCount:0x11000000'
''2018-07-07 12:52:22' - INFO - Enter ScanPort'
''2018-07-07 12:52:22' - ERROR - [Errno 2] could not open port /dev/ttyAMA0: [Errno 2] No such file or directory: '/dev/ttyAMA0''
''2018-07-07 12:52:22' - ERROR - [Errno 2] could not open port /dev/ttyUSB0: [Errno 2] No such file or directory: '/dev/ttyUSB0''
''2018-07-07 12:59:23' - INFO - Rs422Func init'
''2018-07-07 12:59:23' - INFO - Rs422Func init'
''2018-07-07 12:59:23' - DEBUG - WaitCarComeTime:60'
''2018-07-07 12:59:23' - DEBUG - WaitCarLeaveTime:180'
''2018-07-07 12:59:23' - DEBUG - AfterCarLeaveTime:5'
''2018-07-07 12:59:23' - DEBUG - ScanMaxLock:285212688'
''2018-07-07 12:59:23' - DEBUG - StartCount:285212672'
''2018-07-07 12:59:23' - INFO - Enter ScanPort'
''2018-07-07 12:59:23' - ERROR - [Errno 2] could not open port /dev/ttyAMA0: [Errno 2] No such file or directory: '/dev/ttyAMA0''
''2018-07-07 12:59:23' - ERROR - [Errno 2] could not open port /dev/ttyUSB0: [Errno 2] No such file or directory: '/dev/ttyUSB0''
